<?xml version="1.0" encoding="UTF-8"?>
<!-- Generated by org.testng.reporters.JUnitReportReporter -->
<testsuite hostname="WINDOWS-RSIIPHK" failures="0" tests="2" name="runners.RunCucumberTest" time="152.696" errors="0" timestamp="2022-02-06T23:13:50 TRT" skipped="0">
  <testcase classname="runners.RunCucumberTest" name="runScenario" time="73.540"/>
  <system-out/>
  <testcase classname="runners.RunCucumberTest" name="runScenario" time="79.156"/>
  <system-out/>
</testsuite> <!-- runners.RunCucumberTest -->
