<?xml version="1.0" encoding="UTF-8"?>
<!-- Generated by org.testng.reporters.JUnitReportReporter -->
<testsuite hostname="WINDOWS-RSIIPHK" failures="0" tests="2" name="runners.Runner" time="113.600" errors="0" timestamp="2022-02-06T22:27:21 TRT" skipped="0">
  <testcase classname="runners.Runner" name="runScenario" time="55.324"/>
  <system-out/>
  <testcase classname="runners.Runner" name="runScenario" time="58.276"/>
  <system-out/>
</testsuite> <!-- runners.Runner -->
