<?xml version="1.0" encoding="UTF-8"?>
<!-- Generated by org.testng.reporters.JUnitReportReporter -->
<testsuite hostname="WINDOWS-RSIIPHK" failures="0" tests="2" name="runners.TestRunner" time="120.067" errors="0" timestamp="2022-02-06T23:01:33 TRT" skipped="0">
  <testcase classname="runners.TestRunner" name="runScenario" time="60.507"/>
  <system-out/>
  <testcase classname="runners.TestRunner" name="runScenario" time="59.560"/>
  <system-out/>
</testsuite> <!-- runners.TestRunner -->
